0 info it worked if it ends with ok
1 verbose cli [ 'node', '/usr/local/bin/npm', 'install', '-g', 'grunt' ]
2 info using npm@1.3.1
3 info using node@v0.10.12
4 verbose cache add [ 'grunt', null ]
5 verbose cache add name=undefined spec="grunt" args=["grunt",null]
6 verbose parsed url { protocol: null,
6 verbose parsed url   slashes: null,
6 verbose parsed url   auth: null,
6 verbose parsed url   host: null,
6 verbose parsed url   port: null,
6 verbose parsed url   hostname: null,
6 verbose parsed url   hash: null,
6 verbose parsed url   search: null,
6 verbose parsed url   query: null,
6 verbose parsed url   pathname: 'grunt',
6 verbose parsed url   path: 'grunt',
6 verbose parsed url   href: 'grunt' }
7 silly lockFile 20ff3fd8-grunt grunt
8 verbose lock grunt /home/cormac/.npm/20ff3fd8-grunt.lock
9 silly lockFile 20ff3fd8-grunt grunt
10 silly lockFile 20ff3fd8-grunt grunt
11 verbose addNamed [ 'grunt', '' ]
12 verbose addNamed [ null, '*' ]
13 silly lockFile 55f1ff24-grunt grunt@
14 verbose lock grunt@ /home/cormac/.npm/55f1ff24-grunt.lock
15 silly addNameRange { name: 'grunt', range: '*', hasData: false }
16 verbose url raw grunt
17 verbose url resolving [ 'https://registry.npmjs.org/', './grunt' ]
18 verbose url resolved https://registry.npmjs.org/grunt
19 info trying registry request attempt 1 at 16:09:48
20 verbose etag "86EKENUYQZ5QHOF2MUAMZS93Z"
21 http GET https://registry.npmjs.org/grunt
22 http 200 https://registry.npmjs.org/grunt
23 silly registry.get cb [ 200,
23 silly registry.get   { vary: 'Accept',
23 silly registry.get     server: 'CouchDB/1.3.0 (Erlang OTP/R15B03)',
23 silly registry.get     etag: '"AMBUJYN635Y7FENTLHSRSXUWW"',
23 silly registry.get     date: 'Tue, 23 Jul 2013 16:09:48 GMT',
23 silly registry.get     'content-type': 'application/json',
23 silly registry.get     'content-length': '214839' } ]
24 silly addNameRange number 2 { name: 'grunt', range: '*', hasData: true }
25 silly addNameRange versions [ 'grunt',
25 silly addNameRange   [ '0.1.0',
25 silly addNameRange     '0.1.1',
25 silly addNameRange     '0.1.2',
25 silly addNameRange     '0.2.0',
25 silly addNameRange     '0.2.1',
25 silly addNameRange     '0.2.2',
25 silly addNameRange     '0.2.3',
25 silly addNameRange     '0.2.4',
25 silly addNameRange     '0.2.5',
25 silly addNameRange     '0.2.6',
25 silly addNameRange     '0.2.7',
25 silly addNameRange     '0.2.8',
25 silly addNameRange     '0.2.9',
25 silly addNameRange     '0.2.10',
25 silly addNameRange     '0.2.11',
25 silly addNameRange     '0.2.12',
25 silly addNameRange     '0.2.13',
25 silly addNameRange     '0.2.14',
25 silly addNameRange     '0.2.15',
25 silly addNameRange     '0.3.0',
25 silly addNameRange     '0.3.1',
25 silly addNameRange     '0.3.2',
25 silly addNameRange     '0.3.3',
25 silly addNameRange     '0.3.4',
25 silly addNameRange     '0.3.5',
25 silly addNameRange     '0.3.6',
25 silly addNameRange     '0.3.7',
25 silly addNameRange     '0.3.8',
25 silly addNameRange     '0.3.9',
25 silly addNameRange     '0.3.10',
25 silly addNameRange     '0.3.11',
25 silly addNameRange     '0.3.12',
25 silly addNameRange     '0.3.13',
25 silly addNameRange     '0.3.14',
25 silly addNameRange     '0.3.15',
25 silly addNameRange     '0.3.16',
25 silly addNameRange     '0.3.17',
25 silly addNameRange     '0.4.0',
25 silly addNameRange     '0.4.1',
25 silly addNameRange     '0.3.13-a',
25 silly addNameRange     '0.4.0-a',
25 silly addNameRange     '0.4.0-rc1',
25 silly addNameRange     '0.4.0-rc2',
25 silly addNameRange     '0.4.0-rc3',
25 silly addNameRange     '0.4.0-rc4',
25 silly addNameRange     '0.4.0-rc5',
25 silly addNameRange     '0.4.0-rc6',
25 silly addNameRange     '0.4.0-rc7',
25 silly addNameRange     '0.4.0-rc8' ] ]
26 verbose addNamed [ 'grunt', '0.4.1' ]
27 verbose addNamed [ '0.4.1', '0.4.1' ]
28 silly lockFile f9e87dfe-grunt-0-4-1 grunt@0.4.1
29 verbose lock grunt@0.4.1 /home/cormac/.npm/f9e87dfe-grunt-0-4-1.lock
30 silly lockFile f9e87dfe-grunt-0-4-1 grunt@0.4.1
31 silly lockFile f9e87dfe-grunt-0-4-1 grunt@0.4.1
32 silly lockFile 55f1ff24-grunt grunt@
33 silly lockFile 55f1ff24-grunt grunt@
34 silly resolved [ { name: 'grunt',
34 silly resolved     description: 'The JavaScript Task Runner',
34 silly resolved     version: '0.4.1',
34 silly resolved     author: { name: '"Cowboy" Ben Alman', url: 'http://benalman.com/' },
34 silly resolved     homepage: 'http://gruntjs.com/',
34 silly resolved     repository: { type: 'git', url: 'git://github.com/gruntjs/grunt.git' },
34 silly resolved     bugs: { url: 'http://github.com/gruntjs/grunt/issues' },
34 silly resolved     licenses: [ [Object] ],
34 silly resolved     main: 'lib/grunt',
34 silly resolved     scripts: { test: 'grunt test' },
34 silly resolved     engines: { node: '>= 0.8.0' },
34 silly resolved     keywords:
34 silly resolved      [ 'task',
34 silly resolved        'async',
34 silly resolved        'cli',
34 silly resolved        'minify',
34 silly resolved        'uglify',
34 silly resolved        'build',
34 silly resolved        'lodash',
34 silly resolved        'unit',
34 silly resolved        'test',
34 silly resolved        'qunit',
34 silly resolved        'nodeunit',
34 silly resolved        'server',
34 silly resolved        'init',
34 silly resolved        'scaffold',
34 silly resolved        'make',
34 silly resolved        'jake',
34 silly resolved        'tool' ],
34 silly resolved     dependencies:
34 silly resolved      { async: '~0.1.22',
34 silly resolved        'coffee-script': '~1.3.3',
34 silly resolved        colors: '~0.6.0-1',
34 silly resolved        dateformat: '1.0.2-1.2.3',
34 silly resolved        eventemitter2: '~0.4.9',
34 silly resolved        'findup-sync': '~0.1.0',
34 silly resolved        glob: '~3.1.21',
34 silly resolved        hooker: '~0.2.3',
34 silly resolved        'iconv-lite': '~0.2.5',
34 silly resolved        minimatch: '~0.2.6',
34 silly resolved        nopt: '~1.0.10',
34 silly resolved        rimraf: '~2.0.2',
34 silly resolved        lodash: '~0.9.0',
34 silly resolved        'underscore.string': '~2.2.0rc',
34 silly resolved        which: '~1.0.5',
34 silly resolved        'js-yaml': '~2.0.2' },
34 silly resolved     devDependencies:
34 silly resolved      { temporary: '~0.0.4',
34 silly resolved        'grunt-contrib-jshint': '~0.1.1',
34 silly resolved        'grunt-contrib-nodeunit': '~0.1.2',
34 silly resolved        'grunt-contrib-watch': '~0.2.0',
34 silly resolved        difflet: '~0.2.3' },
34 silly resolved     contributors: [ [Object], [Object], [Object], [Object] ],
34 silly resolved     readme: '# Grunt: The JavaScript Task Runner [![Build Status](https://secure.travis-ci.org/gruntjs/grunt.png?branch=master)](http://travis-ci.org/gruntjs/grunt)\n\n### Documentation\n\nVisit the [gruntjs.com](http://gruntjs.com/) website for all the things.\n\n### Support / Contributing\nBefore you make an issue, please read our [Contributing](http://gruntjs.com/contributing) guide.\n\nYou can find the grunt team in [#grunt on irc.freenode.net](irc://irc.freenode.net/#grunt).\n\n### Release History\nSee the [CHANGELOG](CHANGELOG).\n',
34 silly resolved     readmeFilename: 'README.md',
34 silly resolved     _id: 'grunt@0.4.1',
34 silly resolved     _from: 'grunt@' } ]
35 info install grunt@0.4.1 into /usr/local/lib
36 info installOne grunt@0.4.1
37 info /usr/local/lib/node_modules/grunt unbuild
38 verbose tar unpack /home/cormac/.npm/grunt/0.4.1/package.tgz
39 silly lockFile d04b7634-usr-local-lib-node-modules-grunt tar:///usr/local/lib/node_modules/grunt
40 verbose lock tar:///usr/local/lib/node_modules/grunt /home/cormac/.npm/d04b7634-usr-local-lib-node-modules-grunt.lock
41 silly lockFile 97699972-rmac-npm-grunt-0-4-1-package-tgz tar:///home/cormac/.npm/grunt/0.4.1/package.tgz
42 verbose lock tar:///home/cormac/.npm/grunt/0.4.1/package.tgz /home/cormac/.npm/97699972-rmac-npm-grunt-0-4-1-package-tgz.lock
43 silly gunzTarPerm modes [ '755', '644' ]
44 error Error: EACCES, mkdir '/usr/local/lib/node_modules/grunt'
44 error  { [Error: EACCES, mkdir '/usr/local/lib/node_modules/grunt']
44 error   errno: 3,
44 error   code: 'EACCES',
44 error   path: '/usr/local/lib/node_modules/grunt',
44 error   fstream_type: 'Directory',
44 error   fstream_path: '/usr/local/lib/node_modules/grunt',
44 error   fstream_class: 'DirWriter',
44 error   fstream_stack:
44 error    [ '/usr/local/lib/node_modules/npm/node_modules/fstream/lib/dir-writer.js:36:23',
44 error      '/usr/local/lib/node_modules/npm/node_modules/mkdirp/index.js:37:53',
44 error      'Object.oncomplete (fs.js:107:15)' ] }
45 error Please try running this command again as root/Administrator.
46 error System Linux 3.2.13-grsec-xxxx-grs-ipv6-64
47 error command "node" "/usr/local/bin/npm" "install" "-g" "grunt"
48 error cwd /opt/corroborator/dev/corroborator/static/js/components/jquery.ui
49 error node -v v0.10.12
50 error npm -v 1.3.1
51 error path /usr/local/lib/node_modules/grunt
52 error fstream_path /usr/local/lib/node_modules/grunt
53 error fstream_type Directory
54 error fstream_class DirWriter
55 error code EACCES
56 error errno 3
57 error stack Error: EACCES, mkdir '/usr/local/lib/node_modules/grunt'
58 error fstream_stack /usr/local/lib/node_modules/npm/node_modules/fstream/lib/dir-writer.js:36:23
58 error fstream_stack /usr/local/lib/node_modules/npm/node_modules/mkdirp/index.js:37:53
58 error fstream_stack Object.oncomplete (fs.js:107:15)
59 verbose exit [ 3, true ]
